Logfile initialized
[INFO] logfile = /Users/kaiquesilva/Documents/Titanium Studio Workspace/Whiskers/build.log
[DEBUG] /Users/kaiquesilva/Library/Application Support/Titanium/mobilesdk/osx/2.0.1.GA2/android/builder.py simulator Whiskers /Users/kaiquesilva /Users/kaiquesilva/Documents/Titanium Studio Workspace/Whiskers br.com.editoraphoenix 4 HVGA 
[INFO] Building Whiskers for Android ... one moment
[INFO] Titanium SDK version: 2.0.1 (04/12/12 16:33 999c68a)
[DEBUG] Waiting for device to be ready ...
[TRACE] adb devices returned 1 devices/emulators
[DEBUG] Device connected... (waited 0 seconds)
[DEBUG] waited 0.013128 seconds on emulator to get ready
[DEBUG] br.com.editoraphoenix installed? True
[INFO] Fastdev server running, deploying in Fastdev mode
[INFO] Copying CommonJS modules...
[INFO] Copying project resources..
[TRACE] COPYING MODIFIED FILE: /Users/kaiquesilva/Documents/Titanium Studio Workspace/Whiskers/Resources/view/main.view.js => /Users/kaiquesilva/Documents/Titanium Studio Workspace/Whiskers/build/android/bin/assets/Resources/view/main.view.js
[INFO] Tiapp.xml unchanged, skipping class generation
[DEBUG] Processing Android resource drawables
[DEBUG] found drawable-long-land-hdpi splash screen at /Users/kaiquesilva/Documents/Titanium Studio Workspace/Whiskers/Resources/android/images/res-long-land-hdpi/default.png
[DEBUG] found drawable-long-land-ldpi splash screen at /Users/kaiquesilva/Documents/Titanium Studio Workspace/Whiskers/Resources/android/images/res-long-land-ldpi/default.png
[DEBUG] found drawable-long-port-hdpi splash screen at /Users/kaiquesilva/Documents/Titanium Studio Workspace/Whiskers/Resources/android/images/res-long-port-hdpi/default.png
[DEBUG] found drawable-long-port-ldpi splash screen at /Users/kaiquesilva/Documents/Titanium Studio Workspace/Whiskers/Resources/android/images/res-long-port-ldpi/default.png
[DEBUG] found drawable-notlong-land-hdpi splash screen at /Users/kaiquesilva/Documents/Titanium Studio Workspace/Whiskers/Resources/android/images/res-notlong-land-hdpi/default.png
[DEBUG] found drawable-notlong-land-ldpi splash screen at /Users/kaiquesilva/Documents/Titanium Studio Workspace/Whiskers/Resources/android/images/res-notlong-land-ldpi/default.png
[DEBUG] found drawable-notlong-land-mdpi splash screen at /Users/kaiquesilva/Documents/Titanium Studio Workspace/Whiskers/Resources/android/images/res-notlong-land-mdpi/default.png
[DEBUG] found drawable-notlong-port-hdpi splash screen at /Users/kaiquesilva/Documents/Titanium Studio Workspace/Whiskers/Resources/android/images/res-notlong-port-hdpi/default.png
[DEBUG] found drawable-notlong-port-ldpi splash screen at /Users/kaiquesilva/Documents/Titanium Studio Workspace/Whiskers/Resources/android/images/res-notlong-port-ldpi/default.png
[DEBUG] found drawable-notlong-port-mdpi splash screen at /Users/kaiquesilva/Documents/Titanium Studio Workspace/Whiskers/Resources/android/images/res-notlong-port-mdpi/default.png
[INFO] Waiting for SDCard to become available..
[INFO] Re-launching application ... Whiskers
[INFO] Launching application ... Whiskers
[TRACE] Launch output: Starting: Intent { act=android.intent.action.MAIN cat=[android.intent.category.LAUNCHER] cmp=br.com.editoraphoenix/.WhiskersActivity }

